<?xml version="1.0" encoding="UTF-8"?>
<testng-results ignored="0" total="1" passed="1" failed="0" skipped="0">
  <reporter-output>
  </reporter-output>
  <suite started-at="2023-09-25T09:37:28 PDT" name="Loginpage" finished-at="2023-09-25T09:37:36 PDT" duration-ms="7808">
    <groups>
    </groups>
    <test started-at="2023-09-25T09:37:28 PDT" name="Login_page" finished-at="2023-09-25T09:37:36 PDT" duration-ms="7808">
      <class name="com.om.PagesTest.LoginPageTest">
        <test-method signature="loginpagetest()[pri:0, instance:com.om.PagesTest.LoginPageTest@397fbdb]" started-at="2023-09-25T09:37:28 PDT" name="loginpagetest" finished-at="2023-09-25T09:37:36 PDT" duration-ms="7704" status="PASS">
          <reporter-output>
          </reporter-output>
        </test-method> <!-- loginpagetest -->
      </class> <!-- com.om.PagesTest.LoginPageTest -->
    </test> <!-- Login_page -->
  </suite> <!-- Loginpage -->
</testng-results>
