<?xml version="1.0" encoding="UTF-8"?>
<testng-results ignored="0" total="1" passed="1" failed="0" skipped="0">
  <reporter-output>
  </reporter-output>
  <suite started-at="2023-09-24T02:05:21 PDT" name="Default suite" finished-at="2023-09-24T02:05:28 PDT" duration-ms="7000">
    <groups>
    </groups>
    <test started-at="2023-09-24T02:05:21 PDT" name="Default test" finished-at="2023-09-24T02:05:28 PDT" duration-ms="7000">
      <class name="com.om.PagesTest.LoginPageTest">
        <test-method signature="loginpagetest()[pri:0, instance:com.om.PagesTest.LoginPageTest@3e694b3f]" started-at="2023-09-24T02:05:21 PDT" name="loginpagetest" finished-at="2023-09-24T02:05:28 PDT" duration-ms="6900" status="PASS">
          <reporter-output>
          </reporter-output>
        </test-method> <!-- loginpagetest -->
      </class> <!-- com.om.PagesTest.LoginPageTest -->
    </test> <!-- Default test -->
  </suite> <!-- Default suite -->
</testng-results>
